<?xml version="1.0" encoding="UTF-8"?>
<!-- Generated by org.testng.reporters.JUnitXMLReporter -->
<testsuite hostname="Natarajan" name="Test" tests="2" failures="1" timestamp="19 Jul 2016 11:11:12 GMT" time="174.345" errors="0">
  <testcase name="Register_New_User_Account" time="84.575" classname="pkge1.Driver">
    <failure type="java.lang.AssertionError" message="Click on the user name link">
      <![CDATA[java.lang.AssertionError: Click on the user name link
	at org.junit.Assert.fail(Assert.java:88)
	at pkge1.TestEngine.clickByXPath(TestEngine.java:1369)
	at pkge1.ReadExcel.readExcelSheet(ReadExcel.java:131)
	at pkge1.Driver.DriveExcel(Driver.java:133)
	at pkge1.Driver.Register_New_User_Account(Driver.java:86)
... Removed 24 stack frames]]>
    </failure>
  </testcase> <!-- Register_New_User_Account -->
  <testcase name="Confirm_Interactive_Progress_Map_Display_for_New_User" time="16.743" classname="pkge1.Driver"/>
</testsuite> <!-- Test -->
