<?xml version="1.0" encoding="UTF-8"?>
<testng-results skipped="0" failed="1" total="2" passed="1">
  <reporter-output>
    <line>
      <![CDATA[STEP1]]>
    </line>
    <line>
      <![CDATA[STEP2]]>
    </line>
    <line>
      <![CDATA[STEP3]]>
    </line>
    <line>
      <![CDATA[STEP4]]>
    </line>
    <line>
      <![CDATA[STEP5]]>
    </line>
    <line>
      <![CDATA[STEP6]]>
    </line>
    <line>
      <![CDATA[STEP7]]>
    </line>
    <line>
      <![CDATA[STEP8]]>
    </line>
    <line>
      <![CDATA[STEP9]]>
    </line>
    <line>
      <![CDATA[STEP10]]>
    </line>
    <line>
      <![CDATA[STEP11]]>
    </line>
    <line>
      <![CDATA[STEP12]]>
    </line>
    <line>
      <![CDATA[STEP13]]>
    </line>
    <line>
      <![CDATA[STEP14]]>
    </line>
    <line>
      <![CDATA[STEP15]]>
    </line>
    <line>
      <![CDATA[STEP16]]>
    </line>
    <line>
      <![CDATA[STEP17]]>
    </line>
    <line>
      <![CDATA[STEP18]]>
    </line>
    <line>
      <![CDATA[STEP19]]>
    </line>
    <line>
      <![CDATA[STEP20]]>
    </line>
    <line>
      <![CDATA[STEP21]]>
    </line>
    <line>
      <![CDATA[STEP22]]>
    </line>
    <line>
      <![CDATA[STEP23]]>
    </line>
  </reporter-output>
  <suite name="Suite" duration-ms="174345" started-at="2016-07-19T11:08:18Z" finished-at="2016-07-19T11:11:12Z">
    <groups>
    </groups>
    <test name="Test" duration-ms="174345" started-at="2016-07-19T11:08:18Z" finished-at="2016-07-19T11:11:12Z">
      <class name="pkge1.Driver">
        <test-method status="PASS" signature="initialize()[pri:0, instance:pkge1.Driver@36d4b5c]" name="initialize" is-config="true" duration-ms="33288" started-at="2016-07-19T16:38:18Z" finished-at="2016-07-19T16:38:51Z">
          <reporter-output>
          </reporter-output>
        </test-method> <!-- initialize -->
        <test-method status="PASS" signature="init()[pri:0, instance:pkge1.Driver@36d4b5c]" name="init" is-config="true" duration-ms="20722" started-at="2016-07-19T16:38:51Z" finished-at="2016-07-19T16:39:12Z">
          <reporter-output>
          </reporter-output>
        </test-method> <!-- init -->
        <test-method status="FAIL" signature="Register_New_User_Account()[pri:2, instance:pkge1.Driver@36d4b5c]" name="Register_New_User_Account" duration-ms="84575" started-at="2016-07-19T16:39:12Z" finished-at="2016-07-19T16:40:36Z">
          <exception class="java.lang.AssertionError">
            <message>
              <![CDATA[Click on the user name link]]>
            </message>
            <full-stacktrace>
              <![CDATA[java.lang.AssertionError: Click on the user name link
	at org.junit.Assert.fail(Assert.java:88)
	at pkge1.TestEngine.clickByXPath(TestEngine.java:1369)
	at pkge1.ReadExcel.readExcelSheet(ReadExcel.java:131)
	at pkge1.Driver.DriveExcel(Driver.java:133)
	at pkge1.Driver.Register_New_User_Account(Driver.java:86)
	at sun.reflect.NativeMethodAccessorImpl.invoke0(Native Method)
	at sun.reflect.NativeMethodAccessorImpl.invoke(Unknown Source)
	at sun.reflect.DelegatingMethodAccessorImpl.invoke(Unknown Source)
	at java.lang.reflect.Method.invoke(Unknown Source)
	at org.testng.internal.MethodInvocationHelper.invokeMethod(MethodInvocationHelper.java:85)
	at org.testng.internal.Invoker.invokeMethod(Invoker.java:639)
	at org.testng.internal.Invoker.invokeTestMethod(Invoker.java:816)
	at org.testng.internal.Invoker.invokeTestMethods(Invoker.java:1124)
	at org.testng.internal.TestMethodWorker.invokeTestMethods(TestMethodWorker.java:125)
	at org.testng.internal.TestMethodWorker.run(TestMethodWorker.java:108)
	at org.testng.TestRunner.privateRun(TestRunner.java:774)
	at org.testng.TestRunner.run(TestRunner.java:624)
	at org.testng.SuiteRunner.runTest(SuiteRunner.java:359)
	at org.testng.SuiteRunner.runSequentially(SuiteRunner.java:354)
	at org.testng.SuiteRunner.privateRun(SuiteRunner.java:312)
	at org.testng.SuiteRunner.run(SuiteRunner.java:261)
	at org.testng.SuiteRunnerWorker.runSuite(SuiteRunnerWorker.java:52)
	at org.testng.SuiteRunnerWorker.run(SuiteRunnerWorker.java:86)
	at org.testng.TestNG.runSuitesSequentially(TestNG.java:1215)
	at org.testng.TestNG.runSuitesLocally(TestNG.java:1140)
	at org.testng.TestNG.run(TestNG.java:1048)
	at org.testng.remote.AbstractRemoteTestNG.run(AbstractRemoteTestNG.java:126)
	at org.testng.remote.RemoteTestNG.initAndRun(RemoteTestNG.java:137)
	at org.testng.remote.RemoteTestNG.main(RemoteTestNG.java:58)
]]>
            </full-stacktrace>
          </exception> <!-- java.lang.AssertionError -->
          <reporter-output>
            <line>
              <![CDATA[STEP1]]>
            </line>
            <line>
              <![CDATA[STEP2]]>
            </line>
            <line>
              <![CDATA[STEP3]]>
            </line>
            <line>
              <![CDATA[STEP4]]>
            </line>
            <line>
              <![CDATA[STEP5]]>
            </line>
            <line>
              <![CDATA[STEP6]]>
            </line>
            <line>
              <![CDATA[STEP7]]>
            </line>
            <line>
              <![CDATA[STEP8]]>
            </line>
            <line>
              <![CDATA[STEP9]]>
            </line>
            <line>
              <![CDATA[STEP10]]>
            </line>
            <line>
              <![CDATA[STEP11]]>
            </line>
            <line>
              <![CDATA[STEP12]]>
            </line>
            <line>
              <![CDATA[STEP13]]>
            </line>
            <line>
              <![CDATA[STEP14]]>
            </line>
          </reporter-output>
        </test-method> <!-- Register_New_User_Account -->
        <test-method status="PASS" signature="close()[pri:0, instance:pkge1.Driver@36d4b5c]" name="close" is-config="true" duration-ms="1431" started-at="2016-07-19T16:40:36Z" finished-at="2016-07-19T16:40:38Z">
          <reporter-output>
          </reporter-output>
        </test-method> <!-- close -->
        <test-method status="PASS" signature="init()[pri:0, instance:pkge1.Driver@36d4b5c]" name="init" is-config="true" duration-ms="16305" started-at="2016-07-19T16:40:38Z" finished-at="2016-07-19T16:40:54Z">
          <reporter-output>
          </reporter-output>
        </test-method> <!-- init -->
        <test-method status="PASS" signature="Confirm_Interactive_Progress_Map_Display_for_New_User()[pri:3, instance:pkge1.Driver@36d4b5c]" name="Confirm_Interactive_Progress_Map_Display_for_New_User" duration-ms="16743" started-at="2016-07-19T16:40:54Z" finished-at="2016-07-19T16:41:11Z">
          <reporter-output>
            <line>
              <![CDATA[STEP15]]>
            </line>
            <line>
              <![CDATA[STEP16]]>
            </line>
            <line>
              <![CDATA[STEP17]]>
            </line>
            <line>
              <![CDATA[STEP18]]>
            </line>
            <line>
              <![CDATA[STEP19]]>
            </line>
            <line>
              <![CDATA[STEP20]]>
            </line>
            <line>
              <![CDATA[STEP21]]>
            </line>
            <line>
              <![CDATA[STEP22]]>
            </line>
            <line>
              <![CDATA[STEP23]]>
            </line>
          </reporter-output>
        </test-method> <!-- Confirm_Interactive_Progress_Map_Display_for_New_User -->
        <test-method status="PASS" signature="close()[pri:0, instance:pkge1.Driver@36d4b5c]" name="close" is-config="true" duration-ms="1229" started-at="2016-07-19T16:41:11Z" finished-at="2016-07-19T16:41:12Z">
          <reporter-output>
          </reporter-output>
        </test-method> <!-- close -->
      </class> <!-- pkge1.Driver -->
    </test> <!-- Test -->
  </suite> <!-- Suite -->
</testng-results>
